1626352986141	geckodriver	INFO	Listening on 127.0.0.1:38497
1626352987149	mozrunner::runner	INFO	Running command: "/usr/bin/firefox" "--marionette" "-foreground" "-no-remote" "-profile" "/tmp/rust_mozprofileaTV7xx"
1626352991027	Marionette	INFO	Marionette enabled
console.warn: SearchSettings: "get: No settings file exists, new profile?" (new NotFoundError("Could not open the file at /tmp/rust_mozprofileaTV7xx/search.json.mozlz4", (void 0)))
1626353000495	Marionette	INFO	Listening on port 39053
1626353000847	Marionette	WARN	TLS certificate errors will be ignored for this session
JavaScript warning: https://www.santandernegocios.com.br/_Incapsula_Resource?SWJIYLWA=719d34d31c8e3a6e6fffd425f7e032f3&ns=1&cb=1727955061, line 1: unreachable code after return statement
JavaScript warning: https://www.santandernegocios.com.br/_Incapsula_Resource?SWJIYLWA=719d34d31c8e3a6e6fffd425f7e032f3&ns=1&cb=1727955061, line 1: unreachable code after return statement
JavaScript warning: https://www.santandernegocios.com.br/_Incapsula_Resource?SWJIYLWA=719d34d31c8e3a6e6fffd425f7e032f3&ns=1&cb=1727955061 line 1 > eval, line 1: unreachable code after return statement
JavaScript warning: https://www.santandernegocios.com.br/_Incapsula_Resource?SWJIYLWA=719d34d31c8e3a6e6fffd425f7e032f3&ns=1&cb=1727955061 line 1 > eval, line 1: unreachable code after return statement
JavaScript warning: https://consignado.santander.com.br/_Incapsula_Resource?SWJIYLWA=719d34d31c8e3a6e6fffd425f7e032f3&ns=3&cb=2116220962, line 1: unreachable code after return statement
JavaScript warning: https://consignado.santander.com.br/_Incapsula_Resource?SWJIYLWA=719d34d31c8e3a6e6fffd425f7e032f3&ns=3&cb=2116220962, line 1: unreachable code after return statement
JavaScript warning: https://consignado.santander.com.br/_Incapsula_Resource?SWJIYLWA=719d34d31c8e3a6e6fffd425f7e032f3&ns=3&cb=2116220962, line 1: unreachable code after return statement
JavaScript warning: https://consignado.santander.com.br/_Incapsula_Resource?SWJIYLWA=719d34d31c8e3a6e6fffd425f7e032f3&ns=3&cb=2116220962 line 1 > eval, line 1: unreachable code after return statement
JavaScript warning: https://consignado.santander.com.br/_Incapsula_Resource?SWJIYLWA=719d34d31c8e3a6e6fffd425f7e032f3&ns=3&cb=2116220962 line 1 > eval, line 1: unreachable code after return statement
1626353017958	Marionette	INFO	Stopped listening on port 39053

###!!! [Parent][RunMessage] Error: Channel closing: too late to send/recv, messages will be lost

1626354312805	geckodriver	INFO	Listening on 127.0.0.1:34621
1626354313811	mozrunner::runner	INFO	Running command: "/usr/bin/firefox" "--marionette" "-foreground" "-no-remote" "-profile" "/tmp/rust_mozprofileDQgG37"
1626354315831	Marionette	INFO	Marionette enabled
console.warn: SearchSettings: "get: No settings file exists, new profile?" (new NotFoundError("Could not open the file at /tmp/rust_mozprofileDQgG37/search.json.mozlz4", (void 0)))
1626354319370	Marionette	INFO	Listening on port 43785
1626354319644	Marionette	WARN	TLS certificate errors will be ignored for this session
JavaScript warning: https://www.santandernegocios.com.br/_Incapsula_Resource?SWJIYLWA=719d34d31c8e3a6e6fffd425f7e032f3&ns=1&cb=2002036468, line 1: unreachable code after return statement
JavaScript warning: https://www.santandernegocios.com.br/_Incapsula_Resource?SWJIYLWA=719d34d31c8e3a6e6fffd425f7e032f3&ns=1&cb=2002036468, line 1: unreachable code after return statement
JavaScript warning: https://www.santandernegocios.com.br/_Incapsula_Resource?SWJIYLWA=719d34d31c8e3a6e6fffd425f7e032f3&ns=1&cb=2002036468 line 1 > eval, line 1: unreachable code after return statement
JavaScript warning: https://www.santandernegocios.com.br/_Incapsula_Resource?SWJIYLWA=719d34d31c8e3a6e6fffd425f7e032f3&ns=1&cb=2002036468 line 1 > eval, line 1: unreachable code after return statement
JavaScript warning: https://consignado.santander.com.br/_Incapsula_Resource?SWJIYLWA=719d34d31c8e3a6e6fffd425f7e032f3&ns=3&cb=1461493174, line 1: unreachable code after return statement
JavaScript warning: https://consignado.santander.com.br/_Incapsula_Resource?SWJIYLWA=719d34d31c8e3a6e6fffd425f7e032f3&ns=3&cb=1461493174, line 1: unreachable code after return statement
JavaScript warning: https://consignado.santander.com.br/_Incapsula_Resource?SWJIYLWA=719d34d31c8e3a6e6fffd425f7e032f3&ns=3&cb=1461493174, line 1: unreachable code after return statement
JavaScript warning: https://consignado.santander.com.br/_Incapsula_Resource?SWJIYLWA=719d34d31c8e3a6e6fffd425f7e032f3&ns=3&cb=1461493174 line 1 > eval, line 1: unreachable code after return statement
JavaScript warning: https://consignado.santander.com.br/_Incapsula_Resource?SWJIYLWA=719d34d31c8e3a6e6fffd425f7e032f3&ns=3&cb=1461493174 line 1 > eval, line 1: unreachable code after return statement
JavaScript warning: https://consignado.santander.com.br/Portal/FI.AC.GUI.FIMENU.aspx, line 1: unreachable code after return statement
1626354356145	Marionette	INFO	Stopped listening on port 43785

###!!! [Parent][RunMessage] Error: Channel closing: too late to send/recv, messages will be lost

1626354516463	geckodriver	INFO	Listening on 127.0.0.1:46513
1626354517463	mozrunner::runner	INFO	Running command: "/usr/bin/firefox" "--marionette" "-foreground" "-no-remote" "-profile" "/tmp/rust_mozprofilerH9gLK"
1626354519630	Marionette	INFO	Marionette enabled
console.warn: SearchSettings: "get: No settings file exists, new profile?" (new NotFoundError("Could not open the file at /tmp/rust_mozprofilerH9gLK/search.json.mozlz4", (void 0)))
1626354522423	Marionette	INFO	Listening on port 36507
1626354522746	Marionette	WARN	TLS certificate errors will be ignored for this session
JavaScript warning: https://www.santandernegocios.com.br/_Incapsula_Resource?SWJIYLWA=719d34d31c8e3a6e6fffd425f7e032f3&ns=1&cb=632171327, line 1: unreachable code after return statement
JavaScript warning: https://www.santandernegocios.com.br/_Incapsula_Resource?SWJIYLWA=719d34d31c8e3a6e6fffd425f7e032f3&ns=1&cb=632171327, line 1: unreachable code after return statement
JavaScript warning: https://www.santandernegocios.com.br/_Incapsula_Resource?SWJIYLWA=719d34d31c8e3a6e6fffd425f7e032f3&ns=1&cb=632171327, line 1: unreachable code after return statement
JavaScript warning: https://www.santandernegocios.com.br/_Incapsula_Resource?SWJIYLWA=719d34d31c8e3a6e6fffd425f7e032f3&ns=1&cb=632171327 line 1 > eval, line 1: unreachable code after return statement
JavaScript warning: https://www.santandernegocios.com.br/_Incapsula_Resource?SWJIYLWA=719d34d31c8e3a6e6fffd425f7e032f3&ns=1&cb=632171327 line 1 > eval, line 1: unreachable code after return statement
JavaScript warning: https://consignado.santander.com.br/_Incapsula_Resource?SWJIYLWA=719d34d31c8e3a6e6fffd425f7e032f3&ns=3&cb=464837206, line 1: unreachable code after return statement
JavaScript warning: https://consignado.santander.com.br/_Incapsula_Resource?SWJIYLWA=719d34d31c8e3a6e6fffd425f7e032f3&ns=3&cb=464837206, line 1: unreachable code after return statement
JavaScript warning: https://consignado.santander.com.br/_Incapsula_Resource?SWJIYLWA=719d34d31c8e3a6e6fffd425f7e032f3&ns=3&cb=464837206 line 1 > eval, line 1: unreachable code after return statement
JavaScript warning: https://consignado.santander.com.br/Portal/FI.AC.GUI.FIMENU.aspx, line 1: unreachable code after return statement
Exiting due to channel error.
Exiting due to channel error.
[GFX1-]: Receive IPC close with reason=AbnormalShutdown
Exiting due to channel error.
1626354871139	geckodriver	INFO	Listening on 127.0.0.1:41351
1626354872145	mozrunner::runner	INFO	Running command: "/usr/bin/firefox" "--marionette" "-foreground" "-no-remote" "-profile" "/tmp/rust_mozprofilepfQkzI"
1626354874236	Marionette	INFO	Marionette enabled
console.warn: SearchSettings: "get: No settings file exists, new profile?" (new NotFoundError("Could not open the file at /tmp/rust_mozprofilepfQkzI/search.json.mozlz4", (void 0)))
1626354877352	Marionette	INFO	Listening on port 42721
1626354877653	Marionette	WARN	TLS certificate errors will be ignored for this session
JavaScript warning: https://www.santandernegocios.com.br/_Incapsula_Resource?SWJIYLWA=719d34d31c8e3a6e6fffd425f7e032f3&ns=1&cb=1856995010, line 1: unreachable code after return statement
JavaScript warning: https://www.santandernegocios.com.br/_Incapsula_Resource?SWJIYLWA=719d34d31c8e3a6e6fffd425f7e032f3&ns=1&cb=1856995010, line 1: unreachable code after return statement
JavaScript warning: https://www.santandernegocios.com.br/_Incapsula_Resource?SWJIYLWA=719d34d31c8e3a6e6fffd425f7e032f3&ns=1&cb=1856995010 line 1 > eval, line 1: unreachable code after return statement
JavaScript warning: https://www.santandernegocios.com.br/_Incapsula_Resource?SWJIYLWA=719d34d31c8e3a6e6fffd425f7e032f3&ns=1&cb=1856995010 line 1 > eval, line 1: unreachable code after return statement
JavaScript warning: https://consignado.santander.com.br/_Incapsula_Resource?SWJIYLWA=719d34d31c8e3a6e6fffd425f7e032f3&ns=3&cb=1172873422, line 1: unreachable code after return statement
JavaScript warning: https://consignado.santander.com.br/_Incapsula_Resource?SWJIYLWA=719d34d31c8e3a6e6fffd425f7e032f3&ns=3&cb=1172873422, line 1: unreachable code after return statement
JavaScript warning: https://consignado.santander.com.br/_Incapsula_Resource?SWJIYLWA=719d34d31c8e3a6e6fffd425f7e032f3&ns=3&cb=1172873422, line 1: unreachable code after return statement
JavaScript warning: https://consignado.santander.com.br/_Incapsula_Resource?SWJIYLWA=719d34d31c8e3a6e6fffd425f7e032f3&ns=3&cb=1172873422 line 1 > eval, line 1: unreachable code after return statement
JavaScript warning: https://consignado.santander.com.br/_Incapsula_Resource?SWJIYLWA=719d34d31c8e3a6e6fffd425f7e032f3&ns=3&cb=1172873422 line 1 > eval, line 1: unreachable code after return statement
JavaScript warning: https://consignado.santander.com.br/Portal/FI.AC.GUI.FIMENU.aspx, line 1: unreachable code after return statement
1626354933056	Marionette	INFO	Stopped listening on port 42721

###!!! [Parent][RunMessage] Error: Channel closing: too late to send/recv, messages will be lost

1626354979327	geckodriver	INFO	Listening on 127.0.0.1:58365
1626354980334	mozrunner::runner	INFO	Running command: "/usr/bin/firefox" "--marionette" "-foreground" "-no-remote" "-profile" "/tmp/rust_mozprofile6KUw1N"
1626354982218	Marionette	INFO	Marionette enabled
console.warn: SearchSettings: "get: No settings file exists, new profile?" (new NotFoundError("Could not open the file at /tmp/rust_mozprofile6KUw1N/search.json.mozlz4", (void 0)))
1626354985053	Marionette	INFO	Listening on port 36475
1626354985373	Marionette	WARN	TLS certificate errors will be ignored for this session
JavaScript warning: https://www.santandernegocios.com.br/_Incapsula_Resource?SWJIYLWA=719d34d31c8e3a6e6fffd425f7e032f3&ns=1&cb=1566813011, line 1: unreachable code after return statement
JavaScript warning: https://www.santandernegocios.com.br/_Incapsula_Resource?SWJIYLWA=719d34d31c8e3a6e6fffd425f7e032f3&ns=1&cb=1566813011, line 1: unreachable code after return statement
JavaScript warning: https://www.santandernegocios.com.br/_Incapsula_Resource?SWJIYLWA=719d34d31c8e3a6e6fffd425f7e032f3&ns=1&cb=1566813011, line 1: unreachable code after return statement
JavaScript warning: https://www.santandernegocios.com.br/_Incapsula_Resource?SWJIYLWA=719d34d31c8e3a6e6fffd425f7e032f3&ns=1&cb=1566813011 line 1 > eval, line 1: unreachable code after return statement
JavaScript warning: https://www.santandernegocios.com.br/_Incapsula_Resource?SWJIYLWA=719d34d31c8e3a6e6fffd425f7e032f3&ns=1&cb=1566813011 line 1 > eval, line 1: unreachable code after return statement
JavaScript warning: https://consignado.santander.com.br/_Incapsula_Resource?SWJIYLWA=719d34d31c8e3a6e6fffd425f7e032f3&ns=3&cb=1173491055, line 1: unreachable code after return statement
JavaScript warning: https://consignado.santander.com.br/_Incapsula_Resource?SWJIYLWA=719d34d31c8e3a6e6fffd425f7e032f3&ns=3&cb=1173491055, line 1: unreachable code after return statement
JavaScript warning: https://consignado.santander.com.br/_Incapsula_Resource?SWJIYLWA=719d34d31c8e3a6e6fffd425f7e032f3&ns=3&cb=1173491055, line 1: unreachable code after return statement
JavaScript warning: https://consignado.santander.com.br/_Incapsula_Resource?SWJIYLWA=719d34d31c8e3a6e6fffd425f7e032f3&ns=3&cb=1173491055 line 1 > eval, line 1: unreachable code after return statement
JavaScript warning: https://consignado.santander.com.br/_Incapsula_Resource?SWJIYLWA=719d34d31c8e3a6e6fffd425f7e032f3&ns=3&cb=1173491055 line 1 > eval, line 1: unreachable code after return statement
JavaScript warning: https://consignado.santander.com.br/Portal/FI.AC.GUI.FIMENU.aspx, line 1: unreachable code after return statement
1626355036899	Marionette	INFO	Stopped listening on port 36475

###!!! [Parent][RunMessage] Error: Channel closing: too late to send/recv, messages will be lost

1626355042527	geckodriver	INFO	Listening on 127.0.0.1:48087
1626355043533	mozrunner::runner	INFO	Running command: "/usr/bin/firefox" "--marionette" "-foreground" "-no-remote" "-profile" "/tmp/rust_mozprofileTG9bTa"
1626355045473	Marionette	INFO	Marionette enabled
console.warn: SearchSettings: "get: No settings file exists, new profile?" (new NotFoundError("Could not open the file at /tmp/rust_mozprofileTG9bTa/search.json.mozlz4", (void 0)))
1626355048661	Marionette	INFO	Listening on port 42889
1626355048987	Marionette	WARN	TLS certificate errors will be ignored for this session
JavaScript warning: https://www.santandernegocios.com.br/_Incapsula_Resource?SWJIYLWA=719d34d31c8e3a6e6fffd425f7e032f3&ns=1&cb=1436299230, line 1: unreachable code after return statement
JavaScript warning: https://www.santandernegocios.com.br/_Incapsula_Resource?SWJIYLWA=719d34d31c8e3a6e6fffd425f7e032f3&ns=1&cb=1436299230, line 1: unreachable code after return statement
JavaScript warning: https://www.santandernegocios.com.br/_Incapsula_Resource?SWJIYLWA=719d34d31c8e3a6e6fffd425f7e032f3&ns=1&cb=1436299230, line 1: unreachable code after return statement
JavaScript warning: https://www.santandernegocios.com.br/_Incapsula_Resource?SWJIYLWA=719d34d31c8e3a6e6fffd425f7e032f3&ns=1&cb=1436299230 line 1 > eval, line 1: unreachable code after return statement
JavaScript warning: https://www.santandernegocios.com.br/_Incapsula_Resource?SWJIYLWA=719d34d31c8e3a6e6fffd425f7e032f3&ns=1&cb=1436299230 line 1 > eval, line 1: unreachable code after return statement
JavaScript warning: https://consignado.santander.com.br/_Incapsula_Resource?SWJIYLWA=719d34d31c8e3a6e6fffd425f7e032f3&ns=3&cb=187979503, line 1: unreachable code after return statement
JavaScript warning: https://consignado.santander.com.br/_Incapsula_Resource?SWJIYLWA=719d34d31c8e3a6e6fffd425f7e032f3&ns=3&cb=187979503, line 1: unreachable code after return statement
JavaScript warning: https://consignado.santander.com.br/_Incapsula_Resource?SWJIYLWA=719d34d31c8e3a6e6fffd425f7e032f3&ns=3&cb=187979503 line 1 > eval, line 1: unreachable code after return statement
JavaScript warning: https://consignado.santander.com.br/_Incapsula_Resource?SWJIYLWA=719d34d31c8e3a6e6fffd425f7e032f3&ns=3&cb=187979503 line 1 > eval, line 1: unreachable code after return statement
JavaScript warning: https://consignado.santander.com.br/Portal/FI.AC.GUI.FIMENU.aspx, line 1: unreachable code after return statement
1626355098448	Marionette	WARN	Ignoring event 'DOMContentLoaded' because document has an invalid readyState of 'complete'.
JavaScript error: resource://gre/actors/BrowserElementChild.jsm, line 29: TypeError: this.contentWindow is null
1626355201809	Marionette	WARN	Ignoring event 'DOMContentLoaded' because document has an invalid readyState of 'complete'.
1626355205690	Marionette	WARN	Ignoring event 'DOMContentLoaded' because document has an invalid readyState of 'complete'.
SourceActor threw an exception: [Exception... "Failed to open input source 'javascript:__doPostBack('ctl00$cph$j0$j1$PPCODORG4$L_BB','')'"  nsresult: "0x80040111 (NS_ERROR_NOT_AVAILABLE)"  location: "JS frame :: resource://devtools/shared/DevToolsUtils.js :: mainThreadFetch/< :: line 670"  data: yes]
Stack: mainThreadFetch/<@resource://devtools/shared/DevToolsUtils.js:670:15
mainThreadFetch@resource://devtools/shared/DevToolsUtils.js:516:10
_fetchURLContents@resource://devtools/server/actors/utils/sources-manager.js:439:22
urlContents@resource://devtools/server/actors/utils/sources-manager.js:406:17
_resurrectSource@resource://devtools/server/actors/thread.js:2156:35
addAllSources@resource://devtools/server/actors/thread.js:1509:14
watch@resource://devtools/server/actors/resources/sources.js:52:17
watchResources@resource://devtools/server/actors/resources/index.js:231:19
_watchTargetResources@resource://devtools/server/actors/targets/target-actor-mixin.js:156:24
addWatcherDataEntry@resource://devtools/server/actors/targets/target-actor-mixin.js:47:20
_addWatcherDataEntry@resource://devtools/server/connectors/js-window-actor/DevToolsFrameChild.jsm:503:24
receiveMessage@resource://devtools/server/connectors/js-window-actor/DevToolsFrameChild.jsm:445:21
Line: 670, column: 0
console.error: ({})
SourceActor threw an exception: [Exception... "Failed to open input source 'javascript:__doPostBack('ctl00$cph$j0$j1$PMCODPRDR$L_BB','')'"  nsresult: "0x80040111 (NS_ERROR_NOT_AVAILABLE)"  location: "JS frame :: resource://devtools/shared/DevToolsUtils.js :: mainThreadFetch/< :: line 670"  data: yes]
Stack: mainThreadFetch/<@resource://devtools/shared/DevToolsUtils.js:670:15
mainThreadFetch@resource://devtools/shared/DevToolsUtils.js:516:10
_fetchURLContents@resource://devtools/server/actors/utils/sources-manager.js:439:22
urlContents@resource://devtools/server/actors/utils/sources-manager.js:406:17
_resurrectSource@resource://devtools/server/actors/thread.js:2156:35
addAllSources@resource://devtools/server/actors/thread.js:1509:14
watch@resource://devtools/server/actors/resources/sources.js:52:17
watchResources@resource://devtools/server/actors/resources/index.js:231:19
_watchTargetResources@resource://devtools/server/actors/targets/target-actor-mixin.js:156:24
addWatcherDataEntry@resource://devtools/server/actors/targets/target-actor-mixin.js:47:20
_addWatcherDataEntry@resource://devtools/server/connectors/js-window-actor/DevToolsFrameChild.jsm:503:24
receiveMessage@resource://devtools/server/connectors/js-window-actor/DevToolsFrameChild.jsm:445:21
Line: 670, column: 0
console.error: ({})
JavaScript error: resource://devtools/shared/DevToolsUtils.js, line 670: NS_ERROR_NOT_AVAILABLE: Failed to open input source 'javascript:__doPostBack('ctl00$cph$j0$j1$PPCODORG4$L_BB','')'
JavaScript error: resource://devtools/shared/DevToolsUtils.js, line 670: NS_ERROR_NOT_AVAILABLE: Failed to open input source 'javascript:__doPostBack('ctl00$cph$j0$j1$PMCODPRDR$L_BB','')'
console.log: WebExtensions: reset-default-search: starting.
console.log: WebExtensions: reset-default-search: No addons in our list are installed.
1626355573700	Marionette	INFO	Stopped listening on port 42889

###!!! [Parent][RunMessage] Error: Channel closing: too late to send/recv, messages will be lost

1626966133382	geckodriver	INFO	Listening on 127.0.0.1:54223
1626966134389	mozrunner::runner	INFO	Running command: "/usr/bin/firefox" "--marionette" "-foreground" "-no-remote" "-profile" "/tmp/rust_mozprofileYB0KnV"
1626966136357	Marionette	INFO	Marionette enabled
console.warn: SearchSettings: "get: No settings file exists, new profile?" (new NotFoundError("Could not open the file at /tmp/rust_mozprofileYB0KnV/search.json.mozlz4", (void 0)))
1626966139442	Marionette	INFO	Listening on port 35085
1626966139732	Marionette	WARN	TLS certificate errors will be ignored for this session
JavaScript warning: https://www.santandernegocios.com.br/_Incapsula_Resource?SWJIYLWA=719d34d31c8e3a6e6fffd425f7e032f3&ns=1&cb=1794114639, line 1: unreachable code after return statement
JavaScript warning: https://www.santandernegocios.com.br/_Incapsula_Resource?SWJIYLWA=719d34d31c8e3a6e6fffd425f7e032f3&ns=1&cb=1794114639, line 1: unreachable code after return statement
JavaScript warning: https://www.santandernegocios.com.br/_Incapsula_Resource?SWJIYLWA=719d34d31c8e3a6e6fffd425f7e032f3&ns=1&cb=1794114639, line 1: unreachable code after return statement
JavaScript warning: https://www.santandernegocios.com.br/_Incapsula_Resource?SWJIYLWA=719d34d31c8e3a6e6fffd425f7e032f3&ns=1&cb=1794114639 line 1 > eval, line 1: unreachable code after return statement
JavaScript warning: https://www.santandernegocios.com.br/_Incapsula_Resource?SWJIYLWA=719d34d31c8e3a6e6fffd425f7e032f3&ns=1&cb=1794114639 line 1 > eval, line 1: unreachable code after return statement
JavaScript warning: https://consignado.santander.com.br/_Incapsula_Resource?SWJIYLWA=719d34d31c8e3a6e6fffd425f7e032f3&ns=2&cb=64856362, line 1: unreachable code after return statement
JavaScript warning: https://consignado.santander.com.br/_Incapsula_Resource?SWJIYLWA=719d34d31c8e3a6e6fffd425f7e032f3&ns=2&cb=64856362, line 1: unreachable code after return statement
JavaScript warning: https://consignado.santander.com.br/_Incapsula_Resource?SWJIYLWA=719d34d31c8e3a6e6fffd425f7e032f3&ns=2&cb=64856362, line 1: unreachable code after return statement
JavaScript warning: https://consignado.santander.com.br/_Incapsula_Resource?SWJIYLWA=719d34d31c8e3a6e6fffd425f7e032f3&ns=2&cb=64856362 line 1 > eval, line 1: unreachable code after return statement
JavaScript warning: https://consignado.santander.com.br/_Incapsula_Resource?SWJIYLWA=719d34d31c8e3a6e6fffd425f7e032f3&ns=2&cb=64856362 line 1 > eval, line 1: unreachable code after return statement
JavaScript warning: https://consignado.santander.com.br/Portal/FI.AC.GUI.FIMENU.aspx, line 1: unreachable code after return statement
Exiting due to channel error.
Exiting due to channel error.
Exiting due to channel error.
1626966466640	geckodriver	INFO	Listening on 127.0.0.1:39273
1626966467647	mozrunner::runner	INFO	Running command: "/usr/bin/firefox" "--marionette" "-foreground" "-no-remote" "-profile" "/tmp/rust_mozprofileLjEFn8"
1626966469833	Marionette	INFO	Marionette enabled
console.warn: SearchSettings: "get: No settings file exists, new profile?" (new NotFoundError("Could not open the file at /tmp/rust_mozprofileLjEFn8/search.json.mozlz4", (void 0)))
1626966473342	Marionette	INFO	Listening on port 40329
1626966473795	Marionette	WARN	TLS certificate errors will be ignored for this session
JavaScript warning: https://www.santandernegocios.com.br/_Incapsula_Resource?SWJIYLWA=719d34d31c8e3a6e6fffd425f7e032f3&ns=1&cb=1921194842, line 1: unreachable code after return statement
JavaScript warning: https://www.santandernegocios.com.br/_Incapsula_Resource?SWJIYLWA=719d34d31c8e3a6e6fffd425f7e032f3&ns=1&cb=1921194842, line 1: unreachable code after return statement
JavaScript warning: https://www.santandernegocios.com.br/_Incapsula_Resource?SWJIYLWA=719d34d31c8e3a6e6fffd425f7e032f3&ns=1&cb=1921194842, line 1: unreachable code after return statement
JavaScript warning: https://www.santandernegocios.com.br/_Incapsula_Resource?SWJIYLWA=719d34d31c8e3a6e6fffd425f7e032f3&ns=1&cb=1921194842 line 1 > eval, line 1: unreachable code after return statement
JavaScript warning: https://www.santandernegocios.com.br/_Incapsula_Resource?SWJIYLWA=719d34d31c8e3a6e6fffd425f7e032f3&ns=1&cb=1921194842 line 1 > eval, line 1: unreachable code after return statement
JavaScript warning: https://consignado.santander.com.br/_Incapsula_Resource?SWJIYLWA=719d34d31c8e3a6e6fffd425f7e032f3&ns=2&cb=1889732485, line 1: unreachable code after return statement
JavaScript warning: https://consignado.santander.com.br/_Incapsula_Resource?SWJIYLWA=719d34d31c8e3a6e6fffd425f7e032f3&ns=2&cb=1889732485, line 1: unreachable code after return statement
JavaScript warning: https://consignado.santander.com.br/_Incapsula_Resource?SWJIYLWA=719d34d31c8e3a6e6fffd425f7e032f3&ns=2&cb=1889732485 line 1 > eval, line 1: unreachable code after return statement
JavaScript warning: https://consignado.santander.com.br/_Incapsula_Resource?SWJIYLWA=719d34d31c8e3a6e6fffd425f7e032f3&ns=2&cb=1889732485 line 1 > eval, line 1: unreachable code after return statement
JavaScript warning: https://consignado.santander.com.br/Portal/FI.AC.GUI.FIMENU.aspx, line 1: unreachable code after return statement
1626966528029	Marionette	INFO	Stopped listening on port 40329
1626966533779	geckodriver	INFO	Listening on 127.0.0.1:54321
1626966534785	mozrunner::runner	INFO	Running command: "/usr/bin/firefox" "--marionette" "-foreground" "-no-remote" "-profile" "/tmp/rust_mozprofile2pefet"
1626966536759	Marionette	INFO	Marionette enabled
console.warn: SearchSettings: "get: No settings file exists, new profile?" (new NotFoundError("Could not open the file at /tmp/rust_mozprofile2pefet/search.json.mozlz4", (void 0)))
1626966539943	Marionette	INFO	Listening on port 46131
1626966540268	Marionette	WARN	TLS certificate errors will be ignored for this session
JavaScript warning: https://www.santandernegocios.com.br/_Incapsula_Resource?SWJIYLWA=719d34d31c8e3a6e6fffd425f7e032f3&ns=1&cb=674393027, line 1: unreachable code after return statement
JavaScript warning: https://www.santandernegocios.com.br/_Incapsula_Resource?SWJIYLWA=719d34d31c8e3a6e6fffd425f7e032f3&ns=1&cb=674393027, line 1: unreachable code after return statement
JavaScript warning: https://www.santandernegocios.com.br/_Incapsula_Resource?SWJIYLWA=719d34d31c8e3a6e6fffd425f7e032f3&ns=1&cb=674393027, line 1: unreachable code after return statement
JavaScript warning: https://www.santandernegocios.com.br/_Incapsula_Resource?SWJIYLWA=719d34d31c8e3a6e6fffd425f7e032f3&ns=1&cb=674393027 line 1 > eval, line 1: unreachable code after return statement
JavaScript warning: https://www.santandernegocios.com.br/_Incapsula_Resource?SWJIYLWA=719d34d31c8e3a6e6fffd425f7e032f3&ns=1&cb=674393027 line 1 > eval, line 1: unreachable code after return statement
JavaScript warning: https://consignado.santander.com.br/_Incapsula_Resource?SWJIYLWA=719d34d31c8e3a6e6fffd425f7e032f3&ns=2&cb=199176510, line 1: unreachable code after return statement
JavaScript warning: https://consignado.santander.com.br/_Incapsula_Resource?SWJIYLWA=719d34d31c8e3a6e6fffd425f7e032f3&ns=2&cb=199176510, line 1: unreachable code after return statement
JavaScript warning: https://consignado.santander.com.br/_Incapsula_Resource?SWJIYLWA=719d34d31c8e3a6e6fffd425f7e032f3&ns=2&cb=199176510, line 1: unreachable code after return statement
JavaScript warning: https://consignado.santander.com.br/_Incapsula_Resource?SWJIYLWA=719d34d31c8e3a6e6fffd425f7e032f3&ns=2&cb=199176510 line 1 > eval, line 1: unreachable code after return statement
JavaScript warning: https://consignado.santander.com.br/_Incapsula_Resource?SWJIYLWA=719d34d31c8e3a6e6fffd425f7e032f3&ns=2&cb=199176510 line 1 > eval, line 1: unreachable code after return statement
JavaScript warning: https://consignado.santander.com.br/Portal/FI.AC.GUI.FIMENU.aspx, line 1: unreachable code after return statement
1626966627453	Marionette	INFO	Stopped listening on port 46131

###!!! [Parent][RunMessage] Error: Channel closing: too late to send/recv, messages will be lost

1626966635263	geckodriver	INFO	Listening on 127.0.0.1:47411
1626966635268	mozrunner::runner	INFO	Running command: "/usr/bin/firefox" "--marionette" "-foreground" "-no-remote" "-profile" "/tmp/rust_mozprofiles8a2gg"
1626966637160	Marionette	INFO	Marionette enabled
console.warn: SearchSettings: "get: No settings file exists, new profile?" (new NotFoundError("Could not open the file at /tmp/rust_mozprofiles8a2gg/search.json.mozlz4", (void 0)))
1626966639968	Marionette	INFO	Listening on port 35189
1626966641419	Marionette	WARN	TLS certificate errors will be ignored for this session
JavaScript warning: https://www.santandernegocios.com.br/_Incapsula_Resource?SWJIYLWA=719d34d31c8e3a6e6fffd425f7e032f3&ns=1&cb=1786376103, line 1: unreachable code after return statement
JavaScript warning: https://www.santandernegocios.com.br/_Incapsula_Resource?SWJIYLWA=719d34d31c8e3a6e6fffd425f7e032f3&ns=1&cb=1786376103, line 1: unreachable code after return statement
JavaScript warning: https://www.santandernegocios.com.br/_Incapsula_Resource?SWJIYLWA=719d34d31c8e3a6e6fffd425f7e032f3&ns=1&cb=1786376103, line 1: unreachable code after return statement
JavaScript warning: https://www.santandernegocios.com.br/_Incapsula_Resource?SWJIYLWA=719d34d31c8e3a6e6fffd425f7e032f3&ns=1&cb=1786376103 line 1 > eval, line 1: unreachable code after return statement
JavaScript warning: https://www.santandernegocios.com.br/_Incapsula_Resource?SWJIYLWA=719d34d31c8e3a6e6fffd425f7e032f3&ns=1&cb=1786376103 line 1 > eval, line 1: unreachable code after return statement
JavaScript warning: https://consignado.santander.com.br/_Incapsula_Resource?SWJIYLWA=719d34d31c8e3a6e6fffd425f7e032f3&ns=2&cb=2112361850, line 1: unreachable code after return statement
JavaScript warning: https://consignado.santander.com.br/_Incapsula_Resource?SWJIYLWA=719d34d31c8e3a6e6fffd425f7e032f3&ns=2&cb=2112361850, line 1: unreachable code after return statement
JavaScript warning: https://consignado.santander.com.br/_Incapsula_Resource?SWJIYLWA=719d34d31c8e3a6e6fffd425f7e032f3&ns=2&cb=2112361850, line 1: unreachable code after return statement
JavaScript warning: https://consignado.santander.com.br/_Incapsula_Resource?SWJIYLWA=719d34d31c8e3a6e6fffd425f7e032f3&ns=2&cb=2112361850 line 1 > eval, line 1: unreachable code after return statement
JavaScript warning: https://consignado.santander.com.br/_Incapsula_Resource?SWJIYLWA=719d34d31c8e3a6e6fffd425f7e032f3&ns=2&cb=2112361850 line 1 > eval, line 1: unreachable code after return statement
JavaScript warning: https://consignado.santander.com.br/Portal/FI.AC.GUI.FIMENU.aspx, line 1: unreachable code after return statement
1626966687045	Marionette	INFO	Stopped listening on port 35189

###!!! [Parent][RunMessage] Error: Channel closing: too late to send/recv, messages will be lost

